Using pre-set license
Built from '2020.3/staging' branch; Version is '2020.3.25f1 (9b9180224418) revision 10195328'; Using compiler version '192528614'; Build Type 'Release'
OS: 'Windows 10  (10.0.19043) 64bit Professional' Language: 'zh' Physical Memory: 16217 MB
BatchMode: 1, IsHumanControllingUs: 0, StartBugReporterOnCrash: 0, Is64bit: 1, IsPro: 0

COMMAND LINE ARGUMENTS:
C:\Program Files\Unity\Hub\Editor\2020.3.25f1\Editor\Unity.exe
-adb2
-batchMode
-noUpm
-name
AssetImportWorker0
-projectPath
C:/99887711/work0222/web game0222
-logFile
Logs/AssetImportWorker0.log
-srvPort
5287
Successfully changed project path to: C:/99887711/work0222/web game0222
C:/99887711/work0222/web game0222
Using Asset Import Pipeline V2.
Refreshing native plugins compatible for Editor in 42.45 ms, found 3 plugins.
Preloading 0 native plugins for Editor in 0.00 ms.
Initialize engine version: 2020.3.25f1 (9b9180224418)
[Subsystems] Discovering subsystems at path C:/Program Files/Unity/Hub/Editor/2020.3.25f1/Editor/Data/Resources/UnitySubsystems
[Subsystems] Discovering subsystems at path C:/99887711/work0222/web game0222/Assets
GfxDevice: creating device client; threaded=0
Direct3D:
    Version:  Direct3D 11.0 [level 11.1]
    Renderer: NVIDIA GeForce GTX 1650 SUPER (ID=0x2187)
    Vendor:   
    VRAM:     3955 MB
    Driver:   27.21.14.5671
Initialize mono
Mono path[0] = 'C:/Program Files/Unity/Hub/Editor/2020.3.25f1/Editor/Data/Managed'
Mono path[1] = 'C:/Program Files/Unity/Hub/Editor/2020.3.25f1/Editor/Data/MonoBleedingEdge/lib/mono/unityjit'
Mono config path = 'C:/Program Files/Unity/Hub/Editor/2020.3.25f1/Editor/Data/MonoBleedingEdge/etc'
Using monoOptions --debugger-agent=transport=dt_socket,embedding=1,server=y,suspend=n,address=127.0.0.1:56796
Begin MonoManager ReloadAssembly
Registering precompiled unity dll's ...
Register platform support module: C:/Program Files/Unity/Hub/Editor/2020.3.25f1/Editor/Data/PlaybackEngines/WebGLSupport/UnityEditor.WebGL.Extensions.dll
Register platform support module: C:/Program Files/Unity/Hub/Editor/2020.3.25f1/Editor/Data/PlaybackEngines/WindowsStandaloneSupport/UnityEditor.WindowsStandalone.Extensions.dll
Registered in 0.004286 seconds.
Native extension for WindowsStandalone target not found
Native extension for WebGL target not found
Refreshing native plugins compatible for Editor in 40.98 ms, found 3 plugins.
Preloading 0 native plugins for Editor in 0.00 ms.
Mono: successfully reloaded assembly
- Completed reload, in  0.556 seconds
Domain Reload Profiling:
	ReloadAssembly (556ms)
		BeginReloadAssembly (67ms)
			ExecutionOrderSort (0ms)
			DisableScriptedObjects (0ms)
			BackupInstance (0ms)
			ReleaseScriptingObjects (0ms)
			CreateAndSetChildDomain (1ms)
		EndReloadAssembly (414ms)
			LoadAssemblies (64ms)
			RebuildTransferFunctionScriptingTraits (0ms)
			SetupTypeCache (134ms)
			ReleaseScriptCaches (0ms)
			RebuildScriptCaches (27ms)
			SetupLoadedEditorAssemblies (152ms)
				LogAssemblyErrors (0ms)
				InitializePlatformSupportModulesInManaged (5ms)
				SetLoadedEditorAssemblies (0ms)
				RefreshPlugins (41ms)
				BeforeProcessingInitializeOnLoad (7ms)
				ProcessInitializeOnLoadAttributes (72ms)
				ProcessInitializeOnLoadMethodAttributes (26ms)
				AfterProcessingInitializeOnLoad (0ms)
				EditorAssembliesLoaded (0ms)
			ExecutionOrderSort2 (0ms)
			AwakeInstancesAfterBackupRestoration (0ms)
Platform modules already initialized, skipping
Registering precompiled user dll's ...
Registered in 0.006920 seconds.
Begin MonoManager ReloadAssembly
Native extension for WindowsStandalone target not found
Native extension for WebGL target not found
Refreshing native plugins compatible for Editor in 38.49 ms, found 3 plugins.
Preloading 0 native plugins for Editor in 0.00 ms.
Mono: successfully reloaded assembly
- Completed reload, in  1.078 seconds
Domain Reload Profiling:
	ReloadAssembly (1078ms)
		BeginReloadAssembly (153ms)
			ExecutionOrderSort (0ms)
			DisableScriptedObjects (5ms)
			BackupInstance (0ms)
			ReleaseScriptingObjects (0ms)
			CreateAndSetChildDomain (16ms)
		EndReloadAssembly (858ms)
			LoadAssemblies (110ms)
			RebuildTransferFunctionScriptingTraits (0ms)
			SetupTypeCache (284ms)
			ReleaseScriptCaches (0ms)
			RebuildScriptCaches (40ms)
			SetupLoadedEditorAssemblies (321ms)
				LogAssemblyErrors (0ms)
				InitializePlatformSupportModulesInManaged (5ms)
				SetLoadedEditorAssemblies (0ms)
				RefreshPlugins (39ms)
				BeforeProcessingInitializeOnLoad (79ms)
				ProcessInitializeOnLoadAttributes (170ms)
				ProcessInitializeOnLoadMethodAttributes (15ms)
				AfterProcessingInitializeOnLoad (12ms)
				EditorAssembliesLoaded (0ms)
			ExecutionOrderSort2 (0ms)
			AwakeInstancesAfterBackupRestoration (6ms)
Platform modules already initialized, skipping
========================================================================
Worker process is ready to serve import requests
Launched and connected shader compiler UnityShaderCompiler.exe after 0.03 seconds
Refreshing native plugins compatible for Editor in 0.51 ms, found 3 plugins.
Preloading 0 native plugins for Editor in 0.00 ms.
Unloading 2194 Unused Serialized files (Serialized files now loaded: 0)
System memory in use before: 95.8 MB.
System memory in use after: 95.9 MB.

Unloading 28 unused Assets to reduce memory usage. Loaded Objects now: 2627.
Total: 2.758000 ms (FindLiveObjects: 0.159100 ms CreateObjectMapping: 0.080600 ms MarkObjects: 2.467900 ms  DeleteObjects: 0.049600 ms)

AssetImportParameters requested are different than current active one (requested -> active):
  custom:framework-win-MediaFoundation: 216162199b28c13a410421893ffa2e32 -> 
  custom:video-decoder-ogg-theora: a1e56fd34408186e4bbccfd4996cb3dc -> 
  custom:container-muxer-webm: aa71ff27fc2769a1b78a27578f13a17b -> 
  custom:container-demuxer-webm: 4f35f7cbe854078d1ac9338744f61a02 -> 
  custom:container-demuxer-ogg: 62fdf1f143b41e24485cea50d1cbac27 -> 
  custom:video-encoder-webm-vp8: eb34c28f22e8b96e1ab97ce403110664 -> 
  custom:video-decoder-webm-vp8: 9c59270c3fd7afecdb556c50c9e8de78 -> 
  custom:audio-decoder-ogg-vorbis: bf7c407c2cedff20999df2af8eb42d56 -> 
  custom:audio-encoder-webm-vorbis: bf7c407c2cedff20999df2af8eb42d56 -> 
========================================================================
Received Import Request.
  path: Assets
  artifactKey: Guid(00000000000000001000000000000000) Importer(815301076,1909f56bfc062723c751e8b465ee728b)
Start importing Assets using Guid(00000000000000001000000000000000) Importer(815301076,1909f56bfc062723c751e8b465ee728b)  -> (artifact id: '42d402b061de3733987d63b9cc3b64de') in 0.003750 seconds 
  Import took 0.007487 seconds .

========================================================================
Received Import Request.
  Time since last request: 5.806002 seconds.
  path: Assets/圖片
  artifactKey: Guid(ca851bd001ca54940ab7eeaff4f0ffaa) Importer(815301076,1909f56bfc062723c751e8b465ee728b)
Start importing Assets/圖片 using Guid(ca851bd001ca54940ab7eeaff4f0ffaa) Importer(815301076,1909f56bfc062723c751e8b465ee728b)  -> (artifact id: 'cf582c5cfa933385b4f454b4b04202be') in 0.001660 seconds 
  Import took 0.004434 seconds .

========================================================================
Received Import Request.
  Time since last request: 13.504879 seconds.
  path: Assets/圖片/First Asset pack .png
  artifactKey: Guid(df5c40296ba548d4bb1938ebfdcd1db3) Importer(815301076,1909f56bfc062723c751e8b465ee728b)
Start importing Assets/圖片/First Asset pack .png using Guid(df5c40296ba548d4bb1938ebfdcd1db3) Importer(815301076,1909f56bfc062723c751e8b465ee728b)  -> (artifact id: '378e349074c3eccf6e67d31adbe18d0d') in 0.089015 seconds 
  Import took 0.092819 seconds .

========================================================================
Received Import Request.
  Time since last request: 4.971360 seconds.
  path: Assets/圖片/First Asset pack .png
  artifactKey: Guid(df5c40296ba548d4bb1938ebfdcd1db3) Importer(815301076,1909f56bfc062723c751e8b465ee728b)
Start importing Assets/圖片/First Asset pack .png using Guid(df5c40296ba548d4bb1938ebfdcd1db3) Importer(815301076,1909f56bfc062723c751e8b465ee728b)  -> (artifact id: '8371bff5b8b7f219f3f81a4ec8a3ee51') in 0.006458 seconds 
  Import took 0.009822 seconds .

========================================================================
Received Import Request.
  Time since last request: 4.553799 seconds.
  path: Assets/圖片/First Asset pack.png
  artifactKey: Guid(df5c40296ba548d4bb1938ebfdcd1db3) Importer(815301076,1909f56bfc062723c751e8b465ee728b)
Start importing Assets/圖片/First Asset pack.png using Guid(df5c40296ba548d4bb1938ebfdcd1db3) Importer(815301076,1909f56bfc062723c751e8b465ee728b)  -> (artifact id: '2a7b67b2f04ff495f9dbe1b47ca684cc') in 0.008013 seconds 
  Import took 0.011063 seconds .

========================================================================
Received Import Request.
  Time since last request: 57.257520 seconds.
  path: Assets/圖片/First Asset pack.png
  artifactKey: Guid(df5c40296ba548d4bb1938ebfdcd1db3) Importer(815301076,1909f56bfc062723c751e8b465ee728b)
Start importing Assets/圖片/First Asset pack.png using Guid(df5c40296ba548d4bb1938ebfdcd1db3) Importer(815301076,1909f56bfc062723c751e8b465ee728b)  -> (artifact id: 'cc2ad9438cc9c9639b4d4547c2779abb') in 0.123349 seconds 
  Import took 0.126941 seconds .

========================================================================
Received Import Request.
  Time since last request: 37.737751 seconds.
  path: Assets/圖片/First Asset pack.png
  artifactKey: Guid(df5c40296ba548d4bb1938ebfdcd1db3) Importer(815301076,1909f56bfc062723c751e8b465ee728b)
Start importing Assets/圖片/First Asset pack.png using Guid(df5c40296ba548d4bb1938ebfdcd1db3) Importer(815301076,1909f56bfc062723c751e8b465ee728b)  -> (artifact id: 'e3105f57c2acaa2cab936d82c6dd206f') in 0.096642 seconds 
  Import took 0.100180 seconds .

AssetImportWorkerClient::OnTransportError - code=2 error=End of file
